07/Jun/2023 20:34:32  *** Warning ***
                      
                      This software is licensed for personal and educational purposes only.
                      
                      ------------------------------------------------------------------------------
07/Jun/2023 20:34:33  
                      Solver started at: 08:34 PM Wednesday, 07. June 2023 (Hora estándar central (México))
                      
                        Module:  Time Domain: S-Parameter (Win 64)
                        Version: 2023.4 Release from 2023-05-04 (change 1108613)
                      

                      ------------------------------------------------------------------------------

                      ------------------------------------------------------------------------------
07/Jun/2023 20:34:33  ======================================================================
                       Solver cycle: 1
                      ======================================================================
                      
                      Stimulation at discrete port 1 
                      
                      
                      
                      ------------------------------------------------------------------------------
07/Jun/2023 20:34:33  Units settings: 
                      
                        Dimensions: mm
                        Frequency:  GHz
                        Time:       ns
                      
                      ------------------------------------------------------------------------------
07/Jun/2023 20:34:33  The dispersive material update [Automatic] will be performed using the "Standard" update schema
                      
                      ------------------------------------------------------------------------------
07/Jun/2023 20:34:42  The following discrete edge port is connected to metal material:
                      	1
                      
                      ------------------------------------------------------------------------------
07/Jun/2023 20:34:42  Mesh statistics:
                      
                         Hexahedral mesh type: Perfect Boundary Approximation (PBA)
                            Version: default
                      
                         Parallelization type: domain decomposition
                            Number of parallel working threads: 1
                            Number of calculation domains used: 1
                      
                         Used point accuracy enhancement value: 75.00%.
                         Acceleration mode: CPU
                         PBA fill limit: 99.00% (inverse)

07/Jun/2023 20:34:44  Boundary conditions: 
                      
                        YZsymmetry: none
                        XZsymmetry: none
                        XYsymmetry: none
                      
                        Xmin: expanded open, 4 Layer, depth 34.1924 mm
                        Xmax: expanded open, 4 Layer, depth 34.1924 mm
                      
                        Ymin: expanded open, 4 Layer, depth 35.7511 mm
                        Ymax: expanded open, 4 Layer, depth 35.7511 mm
                      
                        Zmin: expanded open, 4 Layer, depth 34.482 mm
                        Zmax: expanded open, 4 Layer, depth 34.482 mm
                      
                        PML-Type: Convolution PML
                      
                      ------------------------------------------------------------------------------
07/Jun/2023 20:34:44  Frequency settings: 
                      
                        Fmin:         0
                        Fmax:         3
                        Nfsteps(lin): 1001
                      
                      ------------------------------------------------------------------------------
07/Jun/2023 20:34:44  Field update statistics:
                      
                        Number of components in total: 	186887
                        Number of lossy metal components:	848
                      
                      Subcycling state:      			Automatically deactivated
                      
                      ------------------------------------------------------------------------------
07/Jun/2023 20:34:44  Port: 1
                      
07/Jun/2023 20:34:44    Discrete element, reference impedance = 50 Ohm
                      
                      ------------------------------------------------------------------------------
07/Jun/2023 20:34:47  
                      --------------------------------------------------------------------------------
07/Jun/2023 20:34:47  Steady state energy criterion met, solver finished successfully.
                      
                      ------------------------------------------------------------------------------
07/Jun/2023 20:34:47  Frequency domain results normalized to default signal.
                      
                      
                      ------------------------------------------------------------------------------
07/Jun/2023 20:34:47  
                        ----------------------------------------------------------------------------
                                            Peak memory used (kB)         Free physical memory (kB) 
                                                                          At begin     Minimum      
                        ----------------------------------------------------------------------------
                        CAD preparation     14932                         1961064      1961064      
                        Matrices calc.      33203                         1955078      1901367      
                        Solver run total    45236                         1982636      1827792      
                        ----------------------------------------------------------------------------
                      
                      --------------------------------------------------------------------------------
                      Solver Statistics:
                      
                        Hardware:
                           Computer name:                 	LAPTOP-7EOPF7DK 
                      
                           Number of CPU threads:               4
                           Hardware info:                  	Hardware Accelerator Device not activated
                      
                        Number of mesh cells:             	29602
                        Excitation duration:              	1.18484958e+000 ns 
                        Calculation time for excitation:  	0 	s
                        Number of calculated pulse widths:	2.76812 
                        Steady state accuracy limit:      	-40	dB 
                        Simulated number of time steps:   	810 
                        Maximum number of time steps:     	5852 
                        Time step width:
                           without subcycles:             	4.049139089e-003 ns
                           used:                          	4.049139089e-003 ns
                      
                        CAD preparation time:             	0      	s
                        Matrix calculation time:          	8 	s
                        Solver setup time:                	3 	s
                        Solver loop time:                 	1 	s
                        Solver post-processing time:      	0 	s
                                                          	------------
                        Total solver time:                	12 	s
                      
                      ------------------------------------------------------------------------------
07/Jun/2023 20:34:48  
                        Adaptive port meshing time:          	0      	s
                        Total solver time (all cycles):      	12     	s
                        Solver initialization and clean-up:  	2      	s
                                                             	------------
                        Total simulation time:               	14     	s
                      
                      ------------------------------------------------------------------------------
07/Jun/2023 20:34:48  Solver finished at: 08:34 PM Wednesday, 07. June 2023
                      
                      
                      
                      ------------------------------------------------------------------------------
07/Jun/2023 20:34:50  Creating parametric 1D results for Run ID 1
                      
                      ------------------------------------------------------------------------------
