08/Jun/2023 22:30:11  *** Warning ***
                      
                      This software is licensed for personal and educational purposes only.
                      
                      ------------------------------------------------------------------------------
08/Jun/2023 22:30:11  
                      Solver started at: 10:30 PM Thursday, 08. June 2023 (Hora estándar central (México))
                      
                        Module:  Time Domain: S-Parameter (Win 64)
                        Version: 2023.4 Release from 2023-05-04 (change 1108613)
                      

                      ------------------------------------------------------------------------------

                      ------------------------------------------------------------------------------
08/Jun/2023 22:30:11  ======================================================================
                       Solver cycle: 1
                      ======================================================================
                      
                      Stimulation at discrete port 1 
                      
                      
                      
                      ------------------------------------------------------------------------------
08/Jun/2023 22:30:11  Units settings: 
                      
                        Dimensions: mm
                        Frequency:  GHz
                        Time:       ns
                      
                      ------------------------------------------------------------------------------
08/Jun/2023 22:30:11  The dispersive material update [Automatic] will be performed using the "Standard" update schema
                      
                      ------------------------------------------------------------------------------
08/Jun/2023 22:30:20  The following discrete edge port is connected to metal material:
                      	1
                      
                      ------------------------------------------------------------------------------
08/Jun/2023 22:30:20  Mesh statistics:
                      
                         Hexahedral mesh type: Perfect Boundary Approximation (PBA)
                            Version: default
                      
                         Parallelization type: domain decomposition
                            Number of parallel working threads: 1
                            Number of calculation domains used: 1
                      
                         Used point accuracy enhancement value: 75.00%.
                         Acceleration mode: CPU
                         PBA fill limit: 99.00% (inverse)

08/Jun/2023 22:30:21  Boundary conditions: 
                      
                        YZsymmetry: none
                        XZsymmetry: none
                        XYsymmetry: none
                      
                        Xmin: expanded open, 4 Layer, depth 33.7695 mm
                        Xmax: expanded open, 4 Layer, depth 33.7695 mm
                      
                        Ymin: expanded open, 4 Layer, depth 38.9556 mm
                        Ymax: expanded open, 4 Layer, depth 38.9556 mm
                      
                        Zmin: expanded open, 4 Layer, depth 33.7655 mm
                        Zmax: expanded open, 4 Layer, depth 33.7655 mm
                      
                        PML-Type: Convolution PML
                      
                      ------------------------------------------------------------------------------
08/Jun/2023 22:30:21  Frequency settings: 
                      
                        Fmin:         0
                        Fmax:         3
                        Nfsteps(lin): 1001
                      
                      ------------------------------------------------------------------------------
08/Jun/2023 22:30:21  Field update statistics:
                      
                        Number of components in total: 	141573
                        Number of lossy metal components:	1008
                      
                      Subcycling state:      			Automatically deactivated
                      
                      ------------------------------------------------------------------------------
08/Jun/2023 22:30:21  Port: 1
                      
08/Jun/2023 22:30:21    Discrete element, reference impedance = 50 Ohm
                      
                      ------------------------------------------------------------------------------
08/Jun/2023 22:30:26  
                      --------------------------------------------------------------------------------
08/Jun/2023 22:30:26  Steady state energy criterion met, solver finished successfully.
                      
                      ------------------------------------------------------------------------------
08/Jun/2023 22:30:26  Frequency domain results normalized to default signal.
                      
                      
                      ------------------------------------------------------------------------------
08/Jun/2023 22:30:26  
                        ----------------------------------------------------------------------------
                                            Peak memory used (kB)         Free physical memory (kB) 
                                                                          At begin     Minimum      
                        ----------------------------------------------------------------------------
                        CAD preparation     13740                         2289100      2289100      
                        Matrices calc.      31250                         2272460      2253906      
                        Solver run total    45416                         2307004      2266468      
                        ----------------------------------------------------------------------------
                      
                      --------------------------------------------------------------------------------
                      Solver Statistics:
                      
                        Hardware:
                           Computer name:                 	LAPTOP-7EOPF7DK 
                      
                           Number of CPU threads:               4
                           Hardware info:                  	Hardware Accelerator Device not activated
                      
                        Number of mesh cells:             	22304
                        Excitation duration:              	1.18484958e+000 ns 
                        Calculation time for excitation:  	0 	s
                        Number of calculated pulse widths:	7.15846 
                        Steady state accuracy limit:      	-40	dB 
                        Simulated number of time steps:   	1817 
                        Maximum number of time steps:     	5076 
                        Time step width:
                           without subcycles:             	4.667967521e-003 ns
                           used:                          	4.667967521e-003 ns
                      
                        CAD preparation time:             	0      	s
                        Matrix calculation time:          	8 	s
                        Solver setup time:                	3 	s
                        Solver loop time:                 	1 	s
                        Solver post-processing time:      	0 	s
                                                          	------------
                        Total solver time:                	12 	s
                      
                      ------------------------------------------------------------------------------
08/Jun/2023 22:30:26  
                        Adaptive port meshing time:          	0      	s
                        Total solver time (all cycles):      	12     	s
                        Solver initialization and clean-up:  	3      	s
                                                             	------------
                        Total simulation time:               	15     	s
                      
                      ------------------------------------------------------------------------------
08/Jun/2023 22:30:26  Solver finished at: 10:30 PM Thursday, 08. June 2023
                      
                      
                      
                      ------------------------------------------------------------------------------
08/Jun/2023 22:30:28  Creating parametric 1D results for Run ID 1
                      
                      ------------------------------------------------------------------------------
