08/Jun/2023 20:59:50  *** Warning ***
                      
                      This software is licensed for personal and educational purposes only.
                      
                      ------------------------------------------------------------------------------
08/Jun/2023 20:59:51  
                      Solver started at: 08:59 PM Thursday, 08. June 2023 (Hora estándar central (México))
                      
                        Module:  Time Domain: S-Parameter (Win 64)
                        Version: 2023.4 Release from 2023-05-04 (change 1108613)
                      

                      ------------------------------------------------------------------------------

                      ------------------------------------------------------------------------------
08/Jun/2023 20:59:51  ======================================================================
                       Solver cycle: 1
                      ======================================================================
                      
                      Stimulation at discrete port 1 
                      
                      
                      
                      ------------------------------------------------------------------------------
08/Jun/2023 20:59:51  Units settings: 
                      
                        Dimensions: mm
                        Frequency:  GHz
                        Time:       ns
                      
                      ------------------------------------------------------------------------------
08/Jun/2023 20:59:51  The dispersive material update [Automatic] will be performed using the "Standard" update schema
                      
                      ------------------------------------------------------------------------------
08/Jun/2023 20:59:55  The following discrete edge port is connected to metal material:
                      	1
                      
                      ------------------------------------------------------------------------------
08/Jun/2023 20:59:55  Mesh statistics:
                      
                         Hexahedral mesh type: Perfect Boundary Approximation (PBA)
                            Version: default
                      
                         Parallelization type: domain decomposition
                            Number of parallel working threads: 1
                            Number of calculation domains used: 1
                      
                         Used point accuracy enhancement value: 75.00%.
                         Acceleration mode: CPU
                         PBA fill limit: 99.00% (inverse)

08/Jun/2023 20:59:56  Boundary conditions: 
                      
                        YZsymmetry: none
                        XZsymmetry: none
                        XYsymmetry: none
                      
                        Xmin: expanded open, 4 Layer, depth 33.3802 mm
                        Xmax: expanded open, 4 Layer, depth 33.4422 mm
                      
                        Ymin: expanded open, 4 Layer, depth 38.7135 mm
                        Ymax: expanded open, 4 Layer, depth 38.7135 mm
                      
                        Zmin: expanded open, 4 Layer, depth 33.6517 mm
                        Zmax: expanded open, 4 Layer, depth 33.6517 mm
                      
                        PML-Type: Convolution PML
                      
                      ------------------------------------------------------------------------------
08/Jun/2023 20:59:56  Frequency settings: 
                      
                        Fmin:         0
                        Fmax:         3
                        Nfsteps(lin): 1001
                      
                      ------------------------------------------------------------------------------
08/Jun/2023 20:59:56  Field update statistics:
                      
                        Number of components in total: 	162098
                        Number of lossy metal components:	1416
                      
                      Subcycling state:      			Automatically deactivated
                      
                      ------------------------------------------------------------------------------
08/Jun/2023 20:59:56  Port: 1
                      
08/Jun/2023 20:59:56    Discrete element, reference impedance = 50 Ohm
                      
                      ------------------------------------------------------------------------------
08/Jun/2023 21:00:00  
                      --------------------------------------------------------------------------------
08/Jun/2023 21:00:00  Steady state energy criterion met, solver finished successfully.
                      
                      ------------------------------------------------------------------------------
08/Jun/2023 21:00:00  Frequency domain results normalized to default signal.
                      
                      
                      ------------------------------------------------------------------------------
08/Jun/2023 21:00:00  
                        ----------------------------------------------------------------------------
                                            Peak memory used (kB)         Free physical memory (kB) 
                                                                          At begin     Minimum      
                        ----------------------------------------------------------------------------
                        CAD preparation     13784                         2240068      2240068      
                        Matrices calc.      37011                         2218750      2204101      
                        Solver run total    43928                         2262140      2215788      
                        ----------------------------------------------------------------------------
                      
                      --------------------------------------------------------------------------------
                      Solver Statistics:
                      
                        Hardware:
                           Computer name:                 	LAPTOP-7EOPF7DK 
                      
                           Number of CPU threads:               4
                           Hardware info:                  	Hardware Accelerator Device not activated
                      
                        Number of mesh cells:             	25585
                        Excitation duration:              	1.18484958e+000 ns 
                        Calculation time for excitation:  	0 	s
                        Number of calculated pulse widths:	4.02228 
                        Steady state accuracy limit:      	-40	dB 
                        Simulated number of time steps:   	1584 
                        Maximum number of time steps:     	7876 
                        Time step width:
                           without subcycles:             	3.008709557e-003 ns
                           used:                          	3.008709557e-003 ns
                      
                        CAD preparation time:             	0      	s
                        Matrix calculation time:          	4 	s
                        Solver setup time:                	2 	s
                        Solver loop time:                 	1 	s
                        Solver post-processing time:      	0 	s
                                                          	------------
                        Total solver time:                	7 	s
                      
                      ------------------------------------------------------------------------------
08/Jun/2023 21:00:00  
                        Adaptive port meshing time:          	0      	s
                        Total solver time (all cycles):      	7      	s
                        Solver initialization and clean-up:  	2      	s
                                                             	------------
                        Total simulation time:               	9      	s
                      
                      ------------------------------------------------------------------------------
08/Jun/2023 21:00:00  Solver finished at: 09:00 PM Thursday, 08. June 2023
                      
                      
                      
                      ------------------------------------------------------------------------------
08/Jun/2023 21:00:01  Creating parametric 1D results for Run ID 1
                      
                      ------------------------------------------------------------------------------
