07/Jun/2023 20:20:56  *** Warning ***
                      
                      This software is licensed for personal and educational purposes only.
                      
                      ------------------------------------------------------------------------------
07/Jun/2023 20:20:56  
                      Solver started at: 08:20 PM Wednesday, 07. June 2023 (Hora estándar central (México))
                      
                        Module:  Time Domain: S-Parameter (Win 64)
                        Version: 2023.4 Release from 2023-05-04 (change 1108613)
                      

                      ------------------------------------------------------------------------------

                      ------------------------------------------------------------------------------
07/Jun/2023 20:20:57  ======================================================================
                       Solver cycle: 1
                      ======================================================================
                      
                      Stimulation at discrete port 1 
                      
                      
                      
                      ------------------------------------------------------------------------------
07/Jun/2023 20:20:57  Units settings: 
                      
                        Dimensions: mm
                        Frequency:  GHz
                        Time:       ns
                      
                      ------------------------------------------------------------------------------
07/Jun/2023 20:20:57  The dispersive material update [Automatic] will be performed using the "Standard" update schema
                      
                      ------------------------------------------------------------------------------
07/Jun/2023 20:21:05  The following discrete edge port is connected to metal material:
                      	1
                      
                      ------------------------------------------------------------------------------
07/Jun/2023 20:21:05  Mesh statistics:
                      
                         Hexahedral mesh type: Perfect Boundary Approximation (PBA)
                            Version: default
                      
                         Parallelization type: domain decomposition
                            Number of parallel working threads: 1
                            Number of calculation domains used: 1
                      
                         Used point accuracy enhancement value: 75.00%.
                         Acceleration mode: CPU
                         PBA fill limit: 99.00% (inverse)

07/Jun/2023 20:21:06  Boundary conditions: 
                      
                        YZsymmetry: none
                        XZsymmetry: none
                        XYsymmetry: none
                      
                        Xmin: expanded open, 4 Layer, depth 35.3616 mm
                        Xmax: expanded open, 4 Layer, depth 35.3616 mm
                      
                        Ymin: expanded open, 4 Layer, depth 36.6224 mm
                        Ymax: expanded open, 4 Layer, depth 36.6224 mm
                      
                        Zmin: expanded open, 4 Layer, depth 35.5058 mm
                        Zmax: expanded open, 4 Layer, depth 35.5058 mm
                      
                        PML-Type: Convolution PML
                      
                      ------------------------------------------------------------------------------
07/Jun/2023 20:21:06  Frequency settings: 
                      
                        Fmin:         0
                        Fmax:         3
                        Nfsteps(lin): 1001
                      
                      ------------------------------------------------------------------------------
07/Jun/2023 20:21:06  Field update statistics:
                      
                        Number of components in total: 	173375
                        Number of lossy metal components:	632
                      
                      Subcycling state:      			Automatically deactivated
                      
                      ------------------------------------------------------------------------------
07/Jun/2023 20:21:06  Port: 1
                      
07/Jun/2023 20:21:06    Discrete element, reference impedance = 50 Ohm
                      
                      ------------------------------------------------------------------------------
07/Jun/2023 20:21:10  
                      --------------------------------------------------------------------------------
07/Jun/2023 20:21:10  Steady state energy criterion met, solver finished successfully.
                      
                      ------------------------------------------------------------------------------
07/Jun/2023 20:21:10  Frequency domain results normalized to default signal.
                      
                      
                      ------------------------------------------------------------------------------
07/Jun/2023 20:21:10  
                        ----------------------------------------------------------------------------
                                            Peak memory used (kB)         Free physical memory (kB) 
                                                                          At begin     Minimum      
                        ----------------------------------------------------------------------------
                        CAD preparation     14896                         1358736      1358736      
                        Matrices calc.      29296                         1347656      1193359      
                        Solver run total    47536                         1427256      1196316      
                        ----------------------------------------------------------------------------
                      
                      --------------------------------------------------------------------------------
                      Solver Statistics:
                      
                        Hardware:
                           Computer name:                 	LAPTOP-7EOPF7DK 
                      
                           Number of CPU threads:               4
                           Hardware info:                  	Hardware Accelerator Device not activated
                      
                        Number of mesh cells:             	27436
                        Excitation duration:              	1.18484958e+000 ns 
                        Calculation time for excitation:  	1 	s
                        Number of calculated pulse widths:	2.96335 
                        Steady state accuracy limit:      	-40	dB 
                        Simulated number of time steps:   	832 
                        Maximum number of time steps:     	5615 
                        Time step width:
                           without subcycles:             	4.220094488e-003 ns
                           used:                          	4.220094488e-003 ns
                      
                        CAD preparation time:             	0      	s
                        Matrix calculation time:          	8 	s
                        Solver setup time:                	3 	s
                        Solver loop time:                 	1 	s
                        Solver post-processing time:      	0 	s
                                                          	------------
                        Total solver time:                	12 	s
                      
                      ------------------------------------------------------------------------------
07/Jun/2023 20:21:11  
                        Adaptive port meshing time:          	0      	s
                        Total solver time (all cycles):      	12     	s
                        Solver initialization and clean-up:  	2      	s
                                                             	------------
                        Total simulation time:               	14     	s
                      
                      ------------------------------------------------------------------------------
07/Jun/2023 20:21:11  Solver finished at: 08:21 PM Wednesday, 07. June 2023
                      
                      
                      
                      ------------------------------------------------------------------------------
07/Jun/2023 20:21:12  Creating parametric 1D results for Run ID 1
                      
                      ------------------------------------------------------------------------------
