07/Jun/2023 19:59:07  *** Warning ***
                      
                      This software is licensed for personal and educational purposes only.
                      
                      ------------------------------------------------------------------------------
07/Jun/2023 19:59:07  
                      Solver started at: 07:59 PM Wednesday, 07. June 2023 (Hora estándar central (México))
                      
                        Module:  Time Domain: S-Parameter (Win 64)
                        Version: 2023.4 Release from 2023-05-04 (change 1108613)
                      

                      ------------------------------------------------------------------------------

                      ------------------------------------------------------------------------------
07/Jun/2023 19:59:07  ======================================================================
                       Solver cycle: 1
                      ======================================================================
                      
                      Stimulation at discrete port 1 
                      
                      
                      
                      ------------------------------------------------------------------------------
07/Jun/2023 19:59:07  Units settings: 
                      
                        Dimensions: mm
                        Frequency:  GHz
                        Time:       ns
                      
                      ------------------------------------------------------------------------------
07/Jun/2023 19:59:07  The dispersive material update [Automatic] will be performed using the "Standard" update schema
                      
                      ------------------------------------------------------------------------------
07/Jun/2023 19:59:11  The following discrete edge port is connected to metal material:
                      	1
                      
                      ------------------------------------------------------------------------------
07/Jun/2023 19:59:11  Mesh statistics:
                      
                         Hexahedral mesh type: Perfect Boundary Approximation (PBA)
                            Version: default
                      
                         Parallelization type: domain decomposition
                            Number of parallel working threads: 1
                            Number of calculation domains used: 1
                      
                         Used point accuracy enhancement value: 75.00%.
07/Jun/2023 19:59:08     current system memory usage reached 80%
                         Acceleration mode: CPU
                         PBA fill limit: 99.00% (inverse)

07/Jun/2023 19:59:12  Boundary conditions: 
                      
                        YZsymmetry: none
                        XZsymmetry: none
                        XYsymmetry: none
                      
                        Xmin: expanded open, 4 Layer, depth 38.0952 mm
                        Xmax: expanded open, 4 Layer, depth 38.0952 mm
                      
                        Ymin: expanded open, 4 Layer, depth 34.1696 mm
                        Ymax: expanded open, 4 Layer, depth 34.1696 mm
                      
                        Zmin: expanded open, 4 Layer, depth 39.2335 mm
                        Zmax: expanded open, 4 Layer, depth 39.2335 mm
                      
                        PML-Type: Convolution PML
                      
                      ------------------------------------------------------------------------------
07/Jun/2023 19:59:12  Frequency settings: 
                      
                        Fmin:         0
                        Fmax:         3
                        Nfsteps(lin): 1001
                      
                      ------------------------------------------------------------------------------
07/Jun/2023 19:59:12  Field update statistics:
                      
                        Number of components in total: 	146936
                        Number of lossy metal components:	912
                      
                      Subcycling state:      			Automatically deactivated
                      
                      ------------------------------------------------------------------------------
07/Jun/2023 19:59:12  Port: 1
                      
07/Jun/2023 19:59:12    Discrete element, reference impedance = 50 Ohm
                      
                      ------------------------------------------------------------------------------
07/Jun/2023 19:59:15  
                      --------------------------------------------------------------------------------
07/Jun/2023 19:59:15  Steady state energy criterion met, solver finished successfully.
                      
                      ------------------------------------------------------------------------------
07/Jun/2023 19:59:15  Frequency domain results normalized to default signal.
                      
                      
                      ------------------------------------------------------------------------------
07/Jun/2023 19:59:15  
                        ----------------------------------------------------------------------------
                                            Peak memory used (kB)         Free physical memory (kB) 
                                                                          At begin     Minimum      
                        ----------------------------------------------------------------------------
                        CAD preparation     14848                         1900224      1900224      
                        Matrices calc.      32226                         1823242      1823242      
                        Solver run total    43720                         1919216      1862228      
                        ----------------------------------------------------------------------------
                      
                      --------------------------------------------------------------------------------
                      Solver Statistics:
                      
                        Hardware:
                           Computer name:                 	LAPTOP-7EOPF7DK 
                      
                           Number of CPU threads:               4
                           Hardware info:                  	Hardware Accelerator Device not activated
                      
                        Number of mesh cells:             	23199
                        Excitation duration:              	1.18484958e+000 ns 
                        Calculation time for excitation:  	0 	s
                        Number of calculated pulse widths:	2.5256 
                        Steady state accuracy limit:      	-40	dB 
                        Simulated number of time steps:   	675 
                        Maximum number of time steps:     	5345 
                        Time step width:
                           without subcycles:             	4.433275556e-003 ns
                           used:                          	4.433275556e-003 ns
                      
                        CAD preparation time:             	0      	s
                        Matrix calculation time:          	4 	s
                        Solver setup time:                	2 	s
                        Solver loop time:                 	0 	s
                        Solver post-processing time:      	0 	s
                                                          	------------
                        Total solver time:                	6 	s
                      
                      ------------------------------------------------------------------------------
07/Jun/2023 19:59:15  
                        Adaptive port meshing time:          	0      	s
                        Total solver time (all cycles):      	6      	s
                        Solver initialization and clean-up:  	2      	s
                                                             	------------
                        Total simulation time:               	8      	s
                      
                      ------------------------------------------------------------------------------
07/Jun/2023 19:59:15  Solver finished at: 07:59 PM Wednesday, 07. June 2023
                      
                      
                      
                      ------------------------------------------------------------------------------
07/Jun/2023 19:59:16  Creating parametric 1D results for Run ID 1
                      
                      ------------------------------------------------------------------------------
